This is XeTeX, Version 3.141592653-2.6-0.999996 (TeX Live 2024) (preloaded format=xelatex 2024.11.15)  27 NOV 2024 10:55
entering extended mode
 restricted \write18 enabled.
 %&-line parsing enabled.
**bookdown.tex
(./bookdown.tex
LaTeX2e <2024-11-01>
L3 programming layer <2024-11-02>
(./krantz.cls
Document Class: krantz 2005/09/16 v1.4f Standard LaTeX document class
(c:/Users/jhncsu/AppData/Roaming/TinyTeX/texmf-dist/tex/latex/base/bk10.clo
File: bk10.clo 2024/06/29 v1.4n Standard LaTeX file (size option)
)
\trimheight=\dimen141
\trimwidth=\dimen142
\normaltextheight=\dimen143
\tempa=\dimen144
\tempdimen=\dimen145
\htrim=\dimen146
\vtrimtop=\dimen147
\vtrimbot=\dimen148
\ul@box=\box52
\ur@box=\box53
\ll@box=\box54
\lr@box=\box55
\@cipboxa=\box56
\@cipboxb=\box57
\@ciprulewidth=\dimen149
\c@part=\count192
\c@chapter=\count193
\c@section=\count194
\c@subsection=\count195
\c@subsubsection=\count196
\c@paragraph=\count197
\c@subparagraph=\count198
\secwd=\dimen150
\subsecwd=\dimen151
\subsubsecwd=\dimen152
\c@figure=\count199
\c@table=\count266
\abovecaptionskip=\skip49
\belowcaptionskip=\skip50
\c@numauthors=\count267
\section@toc@skip=\skip51
\SectionTOCWidth=\skip52
\subsection@toc@skip=\skip53
\SubSectionTOCWidth=\skip54
\subsubsection@toc@skip=\skip55
\SubSubSectionTOCWidth=\skip56
\paragraph@toc@skip=\skip57
\ParagraphTOCWidth=\skip58
\subparagraph@toc@skip=\skip59
\@AUonebox=\box58
\@AUtwobox=\box59
\@AUthreebox=\box60
\@AUfourbox=\box61
\@AUaffonebox=\box62
\@AUafftwobox=\box63
\@AUaffthreebox=\box64
\@AUafffourbox=\box65
\@finalAUboxfromone=\box66
\@finalAUboxfromtwo=\box67
\@finalAUboxfromthree=\box68
\@finalAUboxfromfour=\box69
\c@chaptocdepth=\count268
\bibindent=\dimen153
\tempbox=\box70
\nomenwidth=\dimen154
\@tablebox=\box71
\@tabletitlebox=\box72
\@tablewidth=\dimen155
\@tabletitlewidth=\dimen156
\max@tablewidth=\dimen157
\tempbox=\box73
\tempdimen=\dimen158
\tempbox=\box74
\notewidth=\dimen159
\wherebox=\box75
\wherewidth=\dimen160
\listtextleftmargin=\skip60
\listtextleftmarginii=\skip61
\listtextleftmarginiii=\skip62
\listtextrightmargin=\skip63
\listlabelleftskip=\skip64
\listlabelleftskipii=\skip65
\listlabelleftskipiii=\skip66
\abovelistskipi=\skip67
\belowlistskipi=\skip68
\abovelistskipii=\skip69
\belowlistskipii=\skip70
\abovelistskipiii=\skip71
\belowlistskipiii=\skip72
\labelsepi=\skip73
\labelsepii=\skip74
\labelsepiii=\skip75
\itemsepi=\skip76
\itemsepii=\skip77
\itemsepiii=\skip78
\enumdimwd=\dimen161
\enumdim=\dimen162
\concolwidth=\dimen163
\stempbox=\box76
) (c:/Users/jhncsu/AppData/Roaming/TinyTeX/texmf-dist/tex/latex/amsmath/amsmath.sty
Package: amsmath 2024/11/05 v2.17t AMS math features
\@mathmargin=\skip79
For additional information on amsmath, use the `?' option.
(c:/Users/jhncsu/AppData/Roaming/TinyTeX/texmf-dist/tex/latex/amsmath/amstext.sty
Package: amstext 2021/08/26 v2.01 AMS text
(c:/Users/jhncsu/AppData/Roaming/TinyTeX/texmf-dist/tex/latex/amsmath/amsgen.sty
File: amsgen.sty 1999/11/30 v2.0 generic functions
\@emptytoks=\toks17
\ex@=\dimen164
)) (c:/Users/jhncsu/AppData/Roaming/TinyTeX/texmf-dist/tex/latex/amsmath/amsbsy.sty
Package: amsbsy 1999/11/29 v1.2d Bold Symbols
\pmbraise@=\dimen165
) (c:/Users/jhncsu/AppData/Roaming/TinyTeX/texmf-dist/tex/latex/amsmath/amsopn.sty
Package: amsopn 2022/04/08 v2.04 operator names
)
\inf@bad=\count269
LaTeX Info: Redefining \frac on input line 233.
\uproot@=\count270
\leftroot@=\count271
LaTeX Info: Redefining \overline on input line 398.
LaTeX Info: Redefining \colon on input line 409.
\classnum@=\count272
\DOTSCASE@=\count273
LaTeX Info: Redefining \ldots on input line 495.
LaTeX Info: Redefining \dots on input line 498.
LaTeX Info: Redefining \cdots on input line 619.
\Mathstrutbox@=\box77
\strutbox@=\box78
LaTeX Info: Redefining \big on input line 721.
LaTeX Info: Redefining \Big on input line 722.
LaTeX Info: Redefining \bigg on input line 723.
LaTeX Info: Redefining \Bigg on input line 724.
\big@size=\dimen166
LaTeX Font Info:    Redeclaring font encoding OML on input line 742.
LaTeX Font Info:    Redeclaring font encoding OMS on input line 743.
\macc@depth=\count274
LaTeX Info: Redefining \bmod on input line 904.
LaTeX Info: Redefining \pmod on input line 909.
LaTeX Info: Redefining \smash on input line 939.
LaTeX Info: Redefining \relbar on input line 969.
LaTeX Info: Redefining \Relbar on input line 970.
\c@MaxMatrixCols=\count275
\dotsspace@=\muskip17
\c@parentequation=\count276
\dspbrk@lvl=\count277
\tag@help=\toks18
\row@=\count278
\column@=\count279
\maxfields@=\count280
\andhelp@=\toks19
\eqnshift@=\dimen167
\alignsep@=\dimen168
\tagshift@=\dimen169
\tagwidth@=\dimen170
\totwidth@=\dimen171
\lineht@=\dimen172
\@envbody=\toks20
\multlinegap=\skip80
\multlinetaggap=\skip81
\mathdisplay@stack=\toks21
LaTeX Info: Redefining \[ on input line 2953.
LaTeX Info: Redefining \] on input line 2954.
) (c:/Users/jhncsu/AppData/Roaming/TinyTeX/texmf-dist/tex/latex/amsfonts/amssymb.sty
Package: amssymb 2013/01/14 v3.01 AMS font symbols
(c:/Users/jhncsu/AppData/Roaming/TinyTeX/texmf-dist/tex/latex/amsfonts/amsfonts.sty
Package: amsfonts 2013/01/14 v3.01 Basic AMSFonts support
\symAMSa=\mathgroup4
\symAMSb=\mathgroup5
LaTeX Font Info:    Redeclaring math symbol \hbar on input line 98.
LaTeX Font Info:    Overwriting math alphabet `\mathfrak' in version `bold'
(Font)                  U/euf/m/n --> U/euf/b/n on input line 106.
)) (c:/Users/jhncsu/AppData/Roaming/TinyTeX/texmf-dist/tex/generic/iftex/iftex.sty
Package: iftex 2022/02/03 v1.0f TeX engine tests
) (c:/Users/jhncsu/AppData/Roaming/TinyTeX/texmf-dist/tex/latex/unicode-math/unicode-math.sty (c:/Users/jhncsu/AppData/Roaming/TinyTeX/texmf-dist/tex/latex/l3kernel/expl3.sty
Package: expl3 2024-11-02 L3 programming layer (loader) 
(c:/Users/jhncsu/AppData/Roaming/TinyTeX/texmf-dist/tex/latex/l3backend/l3backend-xetex.def
File: l3backend-xetex.def 2024-05-08 L3 backend support: XeTeX
\g__graphics_track_int=\count281
\l__pdf_internal_box=\box79
\g__pdf_backend_annotation_int=\count282
\g__pdf_backend_link_int=\count283
))
Package: unicode-math 2023/08/13 v0.8r Unicode maths in XeLaTeX and LuaLaTeX
(c:/Users/jhncsu/AppData/Roaming/TinyTeX/texmf-dist/tex/latex/unicode-math/unicode-math-xetex.sty
Package: unicode-math-xetex 2023/08/13 v0.8r Unicode maths in XeLaTeX and LuaLaTeX
(c:/Users/jhncsu/AppData/Roaming/TinyTeX/texmf-dist/tex/latex/l3packages/xparse/xparse.sty
Package: xparse 2024-08-16 L3 Experimental document command parser
) (c:/Users/jhncsu/AppData/Roaming/TinyTeX/texmf-dist/tex/latex/l3packages/l3keys2e/l3keys2e.sty
Package: l3keys2e 2024-08-16 LaTeX2e option processing using LaTeX3 keys
) (c:/Users/jhncsu/AppData/Roaming/TinyTeX/texmf-dist/tex/latex/fontspec/fontspec.sty
Package: fontspec 2024/05/11 v2.9e Font selection for XeLaTeX and LuaLaTeX
(c:/Users/jhncsu/AppData/Roaming/TinyTeX/texmf-dist/tex/latex/fontspec/fontspec-xetex.sty
Package: fontspec-xetex 2024/05/11 v2.9e Font selection for XeLaTeX and LuaLaTeX
\l__fontspec_script_int=\count284
\l__fontspec_language_int=\count285
\l__fontspec_strnum_int=\count286
\l__fontspec_tmp_int=\count287
\l__fontspec_tmpa_int=\count288
\l__fontspec_tmpb_int=\count289
\l__fontspec_tmpc_int=\count290
\l__fontspec_em_int=\count291
\l__fontspec_emdef_int=\count292
\l__fontspec_strong_int=\count293
\l__fontspec_strongdef_int=\count294
\l__fontspec_tmpa_dim=\dimen173
\l__fontspec_tmpb_dim=\dimen174
\l__fontspec_tmpc_dim=\dimen175
(c:/Users/jhncsu/AppData/Roaming/TinyTeX/texmf-dist/tex/latex/base/fontenc.sty
Package: fontenc 2021/04/29 v2.0v Standard LaTeX package
) (c:/Users/jhncsu/AppData/Roaming/TinyTeX/texmf-dist/tex/latex/fontspec/fontspec.cfg))) (c:/Users/jhncsu/AppData/Roaming/TinyTeX/texmf-dist/tex/latex/base/fix-cm.sty
Package: fix-cm 2020/11/24 v1.1t fixes to LaTeX
(c:/Users/jhncsu/AppData/Roaming/TinyTeX/texmf-dist/tex/latex/base/ts1enc.def
File: ts1enc.def 2001/06/05 v3.0e (jk/car/fm) Standard LaTeX file
LaTeX Font Info:    Redeclaring font encoding TS1 on input line 47.
))
\g__um_fam_int=\count295
\g__um_fonts_used_int=\count296
\l__um_primecount_int=\count297
\g__um_primekern_muskip=\muskip18
(c:/Users/jhncsu/AppData/Roaming/TinyTeX/texmf-dist/tex/latex/unicode-math/unicode-math-table.tex))) (c:/Users/jhncsu/AppData/Roaming/TinyTeX/texmf-dist/tex/latex/lm/lmodern.sty
Package: lmodern 2015/05/01 v1.6.1 Latin Modern Fonts
LaTeX Font Info:    Overwriting symbol font `operators' in version `normal'
(Font)                  OT1/cmr/m/n --> OT1/lmr/m/n on input line 22.
LaTeX Font Info:    Overwriting symbol font `letters' in version `normal'
(Font)                  OML/cmm/m/it --> OML/lmm/m/it on input line 23.
LaTeX Font Info:    Overwriting symbol font `symbols' in version `normal'
(Font)                  OMS/cmsy/m/n --> OMS/lmsy/m/n on input line 24.
LaTeX Font Info:    Overwriting symbol font `largesymbols' in version `normal'
(Font)                  OMX/cmex/m/n --> OMX/lmex/m/n on input line 25.
LaTeX Font Info:    Overwriting symbol font `operators' in version `bold'
(Font)                  OT1/cmr/bx/n --> OT1/lmr/bx/n on input line 26.
LaTeX Font Info:    Overwriting symbol font `letters' in version `bold'
(Font)                  OML/cmm/b/it --> OML/lmm/b/it on input line 27.
LaTeX Font Info:    Overwriting symbol font `symbols' in version `bold'
(Font)                  OMS/cmsy/b/n --> OMS/lmsy/b/n on input line 28.
LaTeX Font Info:    Overwriting symbol font `largesymbols' in version `bold'
(Font)                  OMX/cmex/m/n --> OMX/lmex/m/n on input line 29.
LaTeX Font Info:    Overwriting math alphabet `\mathbf' in version `normal'
(Font)                  OT1/cmr/bx/n --> OT1/lmr/bx/n on input line 31.
LaTeX Font Info:    Overwriting math alphabet `\mathsf' in version `normal'
(Font)                  OT1/cmss/m/n --> OT1/lmss/m/n on input line 32.
LaTeX Font Info:    Overwriting math alphabet `\mathit' in version `normal'
(Font)                  OT1/cmr/m/it --> OT1/lmr/m/it on input line 33.
LaTeX Font Info:    Overwriting math alphabet `\mathtt' in version `normal'
(Font)                  OT1/cmtt/m/n --> OT1/lmtt/m/n on input line 34.
LaTeX Font Info:    Overwriting math alphabet `\mathbf' in version `bold'
(Font)                  OT1/cmr/bx/n --> OT1/lmr/bx/n on input line 35.
LaTeX Font Info:    Overwriting math alphabet `\mathsf' in version `bold'
(Font)                  OT1/cmss/bx/n --> OT1/lmss/bx/n on input line 36.
LaTeX Font Info:    Overwriting math alphabet `\mathit' in version `bold'
(Font)                  OT1/cmr/bx/it --> OT1/lmr/bx/it on input line 37.
LaTeX Font Info:    Overwriting math alphabet `\mathtt' in version `bold'
(Font)                  OT1/cmtt/m/n --> OT1/lmtt/m/n on input line 38.
) (c:/Users/jhncsu/AppData/Roaming/TinyTeX/texmf-dist/tex/latex/xcolor/xcolor.sty
Package: xcolor 2024/09/29 v3.02 LaTeX color extensions (UK)
(c:/Users/jhncsu/AppData/Roaming/TinyTeX/texmf-dist/tex/latex/graphics-cfg/color.cfg
File: color.cfg 2016/01/02 v1.6 sample color configuration
)
Package xcolor Info: Driver file: xetex.def on input line 274.
(c:/Users/jhncsu/AppData/Roaming/TinyTeX/texmf-dist/tex/latex/graphics-def/xetex.def
File: xetex.def 2022/09/22 v5.0n Graphics/color driver for xetex
) (c:/Users/jhncsu/AppData/Roaming/TinyTeX/texmf-dist/tex/latex/graphics/mathcolor.ltx)
Package xcolor Info: Model `cmy' substituted by `cmy0' on input line 1349.
Package xcolor Info: Model `RGB' extended on input line 1365.
Package xcolor Info: Model `HTML' substituted by `rgb' on input line 1367.
Package xcolor Info: Model `Hsb' substituted by `hsb' on input line 1368.
Package xcolor Info: Model `tHsb' substituted by `hsb' on input line 1369.
Package xcolor Info: Model `HSB' substituted by `hsb' on input line 1370.
Package xcolor Info: Model `Gray' substituted by `gray' on input line 1371.
Package xcolor Info: Model `wave' substituted by `hsb' on input line 1372.
) (c:/Users/jhncsu/AppData/Roaming/TinyTeX/texmf-dist/tex/latex/graphics/dvipsnam.def
File: dvipsnam.def 2016/06/17 v3.0m Driver-dependent file (DPC,SPQR)
) (c:/Users/jhncsu/AppData/Roaming/TinyTeX/texmf-dist/tex/latex/xcolor/svgnam.def
File: svgnam.def 2024/09/29 v3.02 Predefined colors according to SVG 1.1 (UK)
) (c:/Users/jhncsu/AppData/Roaming/TinyTeX/texmf-dist/tex/latex/xcolor/x11nam.def
File: x11nam.def 2024/09/29 v3.02 Predefined colors according to Unix/X11 (UK)
) (c:/Users/jhncsu/AppData/Roaming/TinyTeX/texmf-dist/tex/latex/fancyvrb/fancyvrb.sty
Package: fancyvrb 2024/01/20 4.5c verbatim text (tvz,hv)
(c:/Users/jhncsu/AppData/Roaming/TinyTeX/texmf-dist/tex/latex/graphics/keyval.sty
Package: keyval 2022/05/29 v1.15 key=value parser (DPC)
\KV@toks@=\toks22
)
\FV@CodeLineNo=\count298
\FV@InFile=\read2
\FV@TabBox=\box80
\c@FancyVerbLine=\count299
\FV@StepNumber=\count300
\FV@OutFile=\write3
) (c:/Users/jhncsu/AppData/Roaming/TinyTeX/texmf-dist/tex/latex/framed/framed.sty
Package: framed 2011/10/22 v 0.96: framed or shaded text with page breaks
\OuterFrameSep=\skip82
\fb@frw=\dimen176
\fb@frh=\dimen177
\FrameRule=\dimen178
\FrameSep=\dimen179
) (c:/Users/jhncsu/AppData/Roaming/TinyTeX/texmf-dist/tex/latex/tools/longtable.sty
Package: longtable 2024-10-27 v4.22 Multi-page Table package (DPC)
\LTleft=\skip83
\LTright=\skip84
\LTpre=\skip85
\LTpost=\skip86
\LTchunksize=\count301
\LTcapwidth=\dimen180
\LT@head=\box81
\LT@firsthead=\box82
\LT@foot=\box83
\LT@lastfoot=\box84
\LT@gbox=\box85
\LT@cols=\count302
\LT@rows=\count303
\c@LT@tables=\count304
\c@LT@chunks=\count305
\LT@p@ftn=\toks23
) (c:/Users/jhncsu/AppData/Roaming/TinyTeX/texmf-dist/tex/latex/booktabs/booktabs.sty
Package: booktabs 2020/01/12 v1.61803398 Publication quality tables
\heavyrulewidth=\dimen181
\lightrulewidth=\dimen182
\cmidrulewidth=\dimen183
\belowrulesep=\dimen184
\belowbottomsep=\dimen185
\aboverulesep=\dimen186
\abovetopsep=\dimen187
\cmidrulesep=\dimen188
\cmidrulekern=\dimen189
\defaultaddspace=\dimen190
\@cmidla=\count306
\@cmidlb=\count307
\@aboverulesep=\dimen191
\@belowrulesep=\dimen192
\@thisruleclass=\count308
\@lastruleclass=\count309
\@thisrulewidth=\dimen193
) (c:/Users/jhncsu/AppData/Roaming/TinyTeX/texmf-dist/tex/latex/tools/array.sty
Package: array 2024/10/17 v2.6g Tabular extension package (FMi)
\col@sep=\dimen194
\ar@mcellbox=\box86
\extrarowheight=\dimen195
\NC@list=\toks24
\extratabsurround=\skip87
\backup@length=\skip88
\ar@cellbox=\box87
) (c:/Users/jhncsu/AppData/Roaming/TinyTeX/texmf-dist/tex/latex/tools/calc.sty
Package: calc 2023/07/08 v4.3 Infix arithmetic (KKT,FJ)
\calc@Acount=\count310
\calc@Bcount=\count311
\calc@Adimen=\dimen196
\calc@Bdimen=\dimen197
\calc@Askip=\skip89
\calc@Bskip=\skip90
LaTeX Info: Redefining \setlength on input line 80.
LaTeX Info: Redefining \addtolength on input line 81.
\calc@Ccount=\count312
\calc@Cskip=\skip91
) (c:/Users/jhncsu/AppData/Roaming/TinyTeX/texmf-dist/tex/latex/etoolbox/etoolbox.sty
Package: etoolbox 2020/10/05 v2.5k e-TeX tools for LaTeX (JAW)
\etb@tempcnta=\count313
) (c:/Users/jhncsu/AppData/Roaming/TinyTeX/texmf-dist/tex/latex/mdwtools/footnote.sty
Package: footnote 1997/01/28 1.13 Save footnotes around boxes
\fn@notes=\box88
\fn@width=\dimen198
) (c:/Users/jhncsu/AppData/Roaming/TinyTeX/texmf-dist/tex/latex/graphics/graphicx.sty
Package: graphicx 2021/09/16 v1.2d Enhanced LaTeX Graphics (DPC,SPQR)
(c:/Users/jhncsu/AppData/Roaming/TinyTeX/texmf-dist/tex/latex/graphics/graphics.sty
Package: graphics 2024/08/06 v1.4g Standard LaTeX Graphics (DPC,SPQR)
(c:/Users/jhncsu/AppData/Roaming/TinyTeX/texmf-dist/tex/latex/graphics/trig.sty
Package: trig 2023/12/02 v1.11 sin cos tan (DPC)
) (c:/Users/jhncsu/AppData/Roaming/TinyTeX/texmf-dist/tex/latex/graphics-cfg/graphics.cfg
File: graphics.cfg 2016/06/04 v1.11 sample graphics configuration
)
Package graphics Info: Driver file: xetex.def on input line 106.
)
\Gin@req@height=\dimen199
\Gin@req@width=\dimen256
) (c:/Users/jhncsu/AppData/Roaming/TinyTeX/texmf-dist/tex/latex/caption/caption.sty
Package: caption 2023/08/05 v3.6o Customizing captions (AR)
(c:/Users/jhncsu/AppData/Roaming/TinyTeX/texmf-dist/tex/latex/caption/caption3.sty
Package: caption3 2023/07/31 v2.4d caption3 kernel (AR)
\caption@tempdima=\dimen257
\captionmargin=\dimen258
\caption@leftmargin=\dimen259
\caption@rightmargin=\dimen260
\caption@width=\dimen261
\caption@indent=\dimen262
\caption@parindent=\dimen263
\caption@hangindent=\dimen264
Package caption Info: Unknown document class (or package),
(caption)             standard defaults will be used.
Package caption Info: \@makecaption = \long macro:#1#2->\vskip \abovecaptionskip \sbox \@tempboxa {#1: #2}\ifdim \wd \@tempboxa >\hsize {\FigCapFont #1} #2\par \else \global \@minipagefalse {\FigCapFont #1} #2\par \fi \vskip \belowcaptionskip  on input line 1175.
)

Package caption Warning: Unknown document class (or package),
(caption)                standard defaults will be used.
See the caption package documentation for explanation.

\c@caption@flags=\count314
\c@continuedfloat=\count315
Package caption Info: longtable package is loaded.
(c:/Users/jhncsu/AppData/Roaming/TinyTeX/texmf-dist/tex/latex/caption/ltcaption.sty
Package: ltcaption 2021/01/08 v1.4c longtable captions (AR)
)) (c:/Users/jhncsu/AppData/Roaming/TinyTeX/texmf-dist/tex/latex/sourcecodepro/sourcecodepro.sty
Package: sourcecodepro 2018/01/13 v2.7 Adobe's Source Code Pro typeface
(c:/Users/jhncsu/AppData/Roaming/TinyTeX/texmf-dist/tex/generic/iftex/ifxetex.sty
Package: ifxetex 2019/10/25 v0.7 ifxetex legacy package. Use iftex instead.
) (c:/Users/jhncsu/AppData/Roaming/TinyTeX/texmf-dist/tex/generic/iftex/ifluatex.sty
Package: ifluatex 2019/10/25 v1.5 ifluatex legacy package. Use iftex instead.
) (c:/Users/jhncsu/AppData/Roaming/TinyTeX/texmf-dist/tex/latex/xkeyval/xkeyval.sty
Package: xkeyval 2022/06/16 v2.9 package option processing (HA)
(c:/Users/jhncsu/AppData/Roaming/TinyTeX/texmf-dist/tex/generic/xkeyval/xkeyval.tex (c:/Users/jhncsu/AppData/Roaming/TinyTeX/texmf-dist/tex/generic/xkeyval/xkvutils.tex
\XKV@toks=\toks25
\XKV@tempa@toks=\toks26
)
\XKV@depth=\count316
File: xkeyval.tex 2014/12/03 v2.7a key=value parser (HA)
))

Package fontspec Info: 
(fontspec)             SourceCodePro-Regular scale = .8.


Package fontspec Info: 
(fontspec)             SourceCodePro-Regular scale = .8.


Package fontspec Info: 
(fontspec)             SourceCodePro-Bold scale = .8.


Package fontspec Info: 
(fontspec)             SourceCodePro-RegularIt scale = .8.


Package fontspec Info: 
(fontspec)             SourceCodePro-BoldIt scale = .8.


Package fontspec Info: 
(fontspec)             Font family 'SourceCodePro(0)' created for font
(fontspec)             'SourceCodePro' with options [Ligatures =,Numbers
(fontspec)             =,Scale = .8,Extension =
(fontspec)             .otf,WordSpace={1,0,0},HyphenChar=None,PunctuationSpace=WordSpace,UprightFont
(fontspec)             = *-Regular,ItalicFont = *-RegularIt,BoldFont =
(fontspec)             *-Bold,BoldItalicFont = *-BoldIt].
(fontspec)              
(fontspec)              This font family consists of the following NFSS
(fontspec)             series/shapes:
(fontspec)              
(fontspec)             - 'normal' (m/n) with NFSS spec.:
(fontspec)             <->s*[.8]"[SourceCodePro-Regular.otf]/OT:script=latn;language=dflt;"
(fontspec)             - 'bold' (b/n) with NFSS spec.:
(fontspec)             <->s*[.8]"[SourceCodePro-Bold.otf]/OT:script=latn;language=dflt;"
(fontspec)             - 'italic' (m/it) with NFSS spec.:
(fontspec)             <->s*[.8]"[SourceCodePro-RegularIt.otf]/OT:script=latn;language=dflt;"
(fontspec)             - 'bold italic' (b/it) with NFSS spec.:
(fontspec)             <->s*[.8]"[SourceCodePro-BoldIt.otf]/OT:script=latn;language=dflt;"


Package fontspec Info: 
(fontspec)             SourceCodePro-Regular scale = .8.


Package fontspec Info: 
(fontspec)             SourceCodePro-Regular scale = .8.


Package fontspec Info: 
(fontspec)             SourceCodePro-Bold scale = .8.


Package fontspec Info: 
(fontspec)             SourceCodePro-RegularIt scale = .8.


Package fontspec Info: 
(fontspec)             SourceCodePro-BoldIt scale = .8.


Package fontspec Info: 
(fontspec)             Font family 'SourceCodePro(1)' created for font
(fontspec)             'SourceCodePro' with options [Ligatures =,Numbers
(fontspec)             =,Scale = .8,Extension = .otf,UprightFont =
(fontspec)             *-Regular,ItalicFont = *-RegularIt,BoldFont =
(fontspec)             *-Bold,BoldItalicFont = *-BoldIt].
(fontspec)              
(fontspec)              This font family consists of the following NFSS
(fontspec)             series/shapes:
(fontspec)              
(fontspec)             - 'normal' (m/n) with NFSS spec.:
(fontspec)             <->s*[.8]"[SourceCodePro-Regular.otf]/OT:script=latn;language=dflt;"
(fontspec)             - 'bold' (b/n) with NFSS spec.:
(fontspec)             <->s*[.8]"[SourceCodePro-Bold.otf]/OT:script=latn;language=dflt;"
(fontspec)             - 'italic' (m/it) with NFSS spec.:
(fontspec)             <->s*[.8]"[SourceCodePro-RegularIt.otf]/OT:script=latn;language=dflt;"
(fontspec)             - 'bold italic' (b/it) with NFSS spec.:
(fontspec)             <->s*[.8]"[SourceCodePro-BoldIt.otf]/OT:script=latn;language=dflt;"

LaTeX Font Info:    Overwriting math alphabet `\mathtt' in version `normal'
(Font)                  OT1/lmtt/m/n --> TU/SourceCodePro(1)/m/n on input line 121.
LaTeX Font Info:    Overwriting math alphabet `\mathtt' in version `bold'
(Font)                  OT1/lmtt/m/n --> TU/SourceCodePro(1)/bx/n on input line 121.

Package fontspec Info: 
(fontspec)             SourceCodePro-Regular scale = .8.


Package fontspec Info: 
(fontspec)             SourceCodePro-Medium scale = .8.


Package fontspec Info: 
(fontspec)             SourceCodePro-Medium scale = .8.


Package fontspec Info: 
(fontspec)             SourceCodePro-Bold scale = .8.


Package fontspec Info: 
(fontspec)             SourceCodePro-MediumIt scale = .8.


Package fontspec Info: 
(fontspec)             SourceCodePro-BoldIt scale = .8.


Package fontspec Info: 
(fontspec)             Font family 'SourceCodePro(2)' created for font
(fontspec)             'SourceCodePro' with options [Ligatures =,Numbers
(fontspec)             =,Scale = .8,Extension = .otf,UprightFont =
(fontspec)             *-Medium,ItalicFont = *-MediumIt,BoldFont =
(fontspec)             *-Bold,BoldItalicFont = *-BoldIt].
(fontspec)              
(fontspec)              This font family consists of the following NFSS
(fontspec)             series/shapes:
(fontspec)              
(fontspec)             - 'normal' (m/n) with NFSS spec.:
(fontspec)             <->s*[.8]"[SourceCodePro-Medium.otf]/OT:script=latn;language=dflt;"
(fontspec)             - 'bold' (b/n) with NFSS spec.:
(fontspec)             <->s*[.8]"[SourceCodePro-Bold.otf]/OT:script=latn;language=dflt;"
(fontspec)             - 'italic' (m/it) with NFSS spec.:
(fontspec)             <->s*[.8]"[SourceCodePro-MediumIt.otf]/OT:script=latn;language=dflt;"
(fontspec)             - 'bold italic' (b/it) with NFSS spec.:
(fontspec)             <->s*[.8]"[SourceCodePro-BoldIt.otf]/OT:script=latn;language=dflt;"


Package fontspec Info: 
(fontspec)             SourceCodePro-Light scale = .8.


Package fontspec Info: 
(fontspec)             SourceCodePro-Light scale = .8.


Package fontspec Info: 
(fontspec)             SourceCodePro-Semibold scale = .8.


Package fontspec Info: 
(fontspec)             SourceCodePro-LightIt scale = .8.


Package fontspec Info: 
(fontspec)             SourceCodePro-SemiboldIt scale = .8.


Package fontspec Info: 
(fontspec)             Font family 'SourceCodePro(3)' created for font
(fontspec)             'SourceCodePro' with options [Ligatures =,Numbers
(fontspec)             =,Scale = .8,Extension = .otf,UprightFont =
(fontspec)             *-Light,ItalicFont = *-LightIt,BoldFont =
(fontspec)             *-Semibold,BoldItalicFont = *-SemiboldIt].
(fontspec)              
(fontspec)              This font family consists of the following NFSS
(fontspec)             series/shapes:
(fontspec)              
(fontspec)             - 'normal' (m/n) with NFSS spec.:
(fontspec)             <->s*[.8]"[SourceCodePro-Light.otf]/OT:script=latn;language=dflt;"
(fontspec)             - 'bold' (b/n) with NFSS spec.:
(fontspec)             <->s*[.8]"[SourceCodePro-Semibold.otf]/OT:script=latn;language=dflt;"
(fontspec)             - 'italic' (m/it) with NFSS spec.:
(fontspec)             <->s*[.8]"[SourceCodePro-LightIt.otf]/OT:script=latn;language=dflt;"
(fontspec)             - 'bold italic' (b/it) with NFSS spec.:
(fontspec)             <->s*[.8]"[SourceCodePro-SemiboldIt.otf]/OT:script=latn;language=dflt;"


Package fontspec Info: 
(fontspec)             SourceCodePro-ExtraLight scale = .8.


Package fontspec Info: 
(fontspec)             SourceCodePro-ExtraLight scale = .8.


Package fontspec Info: 
(fontspec)             SourceCodePro-Black scale = .8.


Package fontspec Info: 
(fontspec)             SourceCodePro-ExtraLightIt scale = .8.


Package fontspec Info: 
(fontspec)             SourceCodePro-BlackIt scale = .8.


Package fontspec Info: 
(fontspec)             Font family 'SourceCodePro(4)' created for font
(fontspec)             'SourceCodePro' with options [Ligatures =,Numbers
(fontspec)             =,Scale = .8,Extension = .otf,UprightFont =
(fontspec)             *-ExtraLight,ItalicFont = *-ExtraLightIt,BoldFont =
(fontspec)             *-Black,BoldItalicFont = *-BlackIt].
(fontspec)              
(fontspec)              This font family consists of the following NFSS
(fontspec)             series/shapes:
(fontspec)              
(fontspec)             - 'normal' (m/n) with NFSS spec.:
(fontspec)             <->s*[.8]"[SourceCodePro-ExtraLight.otf]/OT:script=latn;language=dflt;"
(fontspec)             - 'bold' (b/n) with NFSS spec.:
(fontspec)             <->s*[.8]"[SourceCodePro-Black.otf]/OT:script=latn;language=dflt;"
(fontspec)             - 'italic' (m/it) with NFSS spec.:
(fontspec)             <->s*[.8]"[SourceCodePro-ExtraLightIt.otf]/OT:script=latn;language=dflt;"
(fontspec)             - 'bold italic' (b/it) with NFSS spec.:
(fontspec)             <->s*[.8]"[SourceCodePro-BlackIt.otf]/OT:script=latn;language=dflt;"


Package fontspec Info: 
(fontspec)             SourceCodePro-Regular scale = .8.


Package fontspec Info: 
(fontspec)             SourceCodePro-Regular scale = .8.


Package fontspec Info: 
(fontspec)             SourceCodePro-Bold scale = .8.


Package fontspec Info: 
(fontspec)             SourceCodePro-RegularIt scale = .8.


Package fontspec Info: 
(fontspec)             SourceCodePro-BoldIt scale = .8.


Package fontspec Info: 
(fontspec)             Font family 'SourceCodePro(5)' created for font
(fontspec)             'SourceCodePro' with options [Ligatures =,Numbers
(fontspec)             =,Scale = .8,Extension = .otf,Numbers =,UprightFont =
(fontspec)             *-Regular,ItalicFont = *-RegularIt,BoldFont =
(fontspec)             *-Bold,BoldItalicFont = *-BoldIt].
(fontspec)              
(fontspec)              This font family consists of the following NFSS
(fontspec)             series/shapes:
(fontspec)              
(fontspec)             - 'normal' (m/n) with NFSS spec.:
(fontspec)             <->s*[.8]"[SourceCodePro-Regular.otf]/OT:script=latn;language=dflt;"
(fontspec)             - 'bold' (b/n) with NFSS spec.:
(fontspec)             <->s*[.8]"[SourceCodePro-Bold.otf]/OT:script=latn;language=dflt;"
(fontspec)             - 'italic' (m/it) with NFSS spec.:
(fontspec)             <->s*[.8]"[SourceCodePro-RegularIt.otf]/OT:script=latn;language=dflt;"
(fontspec)             - 'bold italic' (b/it) with NFSS spec.:
(fontspec)             <->s*[.8]"[SourceCodePro-BoldIt.otf]/OT:script=latn;language=dflt;"

) (c:/Users/jhncsu/AppData/Roaming/TinyTeX/texmf-dist/tex/latex/hyperref/hyperref.sty
Package: hyperref 2024-11-05 v7.01l Hypertext links for LaTeX
(c:/Users/jhncsu/AppData/Roaming/TinyTeX/texmf-dist/tex/latex/kvsetkeys/kvsetkeys.sty
Package: kvsetkeys 2022-10-05 v1.19 Key value parser (HO)
) (c:/Users/jhncsu/AppData/Roaming/TinyTeX/texmf-dist/tex/generic/kvdefinekeys/kvdefinekeys.sty
Package: kvdefinekeys 2019-12-19 v1.6 Define keys (HO)
) (c:/Users/jhncsu/AppData/Roaming/TinyTeX/texmf-dist/tex/generic/pdfescape/pdfescape.sty
Package: pdfescape 2019/12/09 v1.15 Implements pdfTeX's escape features (HO)
(c:/Users/jhncsu/AppData/Roaming/TinyTeX/texmf-dist/tex/generic/ltxcmds/ltxcmds.sty
Package: ltxcmds 2023-12-04 v1.26 LaTeX kernel commands for general use (HO)
) (c:/Users/jhncsu/AppData/Roaming/TinyTeX/texmf-dist/tex/generic/pdftexcmds/pdftexcmds.sty
Package: pdftexcmds 2020-06-27 v0.33 Utility functions of pdfTeX for LuaTeX (HO)
(c:/Users/jhncsu/AppData/Roaming/TinyTeX/texmf-dist/tex/generic/infwarerr/infwarerr.sty
Package: infwarerr 2019/12/03 v1.5 Providing info/warning/error messages (HO)
)
Package pdftexcmds Info: \pdf@primitive is available.
Package pdftexcmds Info: \pdf@ifprimitive is available.
Package pdftexcmds Info: \pdfdraftmode not found.
)) (c:/Users/jhncsu/AppData/Roaming/TinyTeX/texmf-dist/tex/latex/hycolor/hycolor.sty
Package: hycolor 2020-01-27 v1.10 Color options for hyperref/bookmark (HO)
) (c:/Users/jhncsu/AppData/Roaming/TinyTeX/texmf-dist/tex/latex/hyperref/nameref.sty
Package: nameref 2023-11-26 v2.56 Cross-referencing by name of section
(c:/Users/jhncsu/AppData/Roaming/TinyTeX/texmf-dist/tex/latex/refcount/refcount.sty
Package: refcount 2019/12/15 v3.6 Data extraction from label references (HO)
) (c:/Users/jhncsu/AppData/Roaming/TinyTeX/texmf-dist/tex/generic/gettitlestring/gettitlestring.sty
Package: gettitlestring 2019/12/15 v1.6 Cleanup title references (HO)
(c:/Users/jhncsu/AppData/Roaming/TinyTeX/texmf-dist/tex/latex/kvoptions/kvoptions.sty
Package: kvoptions 2022-06-15 v3.15 Key value format for package options (HO)
))
\c@section@level=\count317
) (c:/Users/jhncsu/AppData/Roaming/TinyTeX/texmf-dist/tex/generic/stringenc/stringenc.sty
Package: stringenc 2019/11/29 v1.12 Convert strings between diff. encodings (HO)
)
\@linkdim=\dimen265
\Hy@linkcounter=\count318
\Hy@pagecounter=\count319
(c:/Users/jhncsu/AppData/Roaming/TinyTeX/texmf-dist/tex/latex/hyperref/pd1enc.def
File: pd1enc.def 2024-11-05 v7.01l Hyperref: PDFDocEncoding definition (HO)
) (c:/Users/jhncsu/AppData/Roaming/TinyTeX/texmf-dist/tex/generic/intcalc/intcalc.sty
Package: intcalc 2019/12/15 v1.3 Expandable calculations with integers (HO)
)
\Hy@SavedSpaceFactor=\count320
(c:/Users/jhncsu/AppData/Roaming/TinyTeX/texmf-dist/tex/latex/hyperref/puenc.def
File: puenc.def 2024-11-05 v7.01l Hyperref: PDF Unicode definition (HO)
)
Package hyperref Info: Option `unicode' set `true' on input line 4040.
Package hyperref Info: Hyper figures OFF on input line 4157.
Package hyperref Info: Link nesting OFF on input line 4162.
Package hyperref Info: Hyper index ON on input line 4165.
Package hyperref Info: Plain pages OFF on input line 4172.
Package hyperref Info: Backreferencing OFF on input line 4177.
Package hyperref Info: Implicit mode ON; LaTeX internals redefined.
Package hyperref Info: Bookmarks ON on input line 4424.
\c@Hy@tempcnt=\count321
(c:/Users/jhncsu/AppData/Roaming/TinyTeX/texmf-dist/tex/latex/url/url.sty
\Urlmuskip=\muskip19
Package: url 2013/09/16  ver 3.4  Verb mode for urls, etc.
)
LaTeX Info: Redefining \url on input line 4763.
\XeTeXLinkMargin=\dimen266
(c:/Users/jhncsu/AppData/Roaming/TinyTeX/texmf-dist/tex/generic/bitset/bitset.sty
Package: bitset 2019/12/09 v1.3 Handle bit-vector datatype (HO)
(c:/Users/jhncsu/AppData/Roaming/TinyTeX/texmf-dist/tex/generic/bigintcalc/bigintcalc.sty
Package: bigintcalc 2019/12/15 v1.5 Expandable calculations on big integers (HO)
))
\Fld@menulength=\count322
\Field@Width=\dimen267
\Fld@charsize=\dimen268
Package hyperref Info: Hyper figures OFF on input line 6042.
Package hyperref Info: Link nesting OFF on input line 6047.
Package hyperref Info: Hyper index ON on input line 6050.
Package hyperref Info: backreferencing OFF on input line 6057.
Package hyperref Info: Link coloring OFF on input line 6062.
Package hyperref Info: Link coloring with OCG OFF on input line 6067.
Package hyperref Info: PDF/A mode OFF on input line 6072.
(c:/Users/jhncsu/AppData/Roaming/TinyTeX/texmf-dist/tex/latex/base/atbegshi-ltx.sty
Package: atbegshi-ltx 2021/01/10 v1.0c Emulation of the original atbegshi
package with kernel methods
)
\Hy@abspage=\count323
\c@Item=\count324
\c@Hfootnote=\count325
)
Package hyperref Info: Driver (autodetected): hxetex.
(c:/Users/jhncsu/AppData/Roaming/TinyTeX/texmf-dist/tex/latex/hyperref/hxetex.def
File: hxetex.def 2024-11-05 v7.01l Hyperref driver for XeTeX
\pdfm@box=\box89
\c@Hy@AnnotLevel=\count326
\HyField@AnnotCount=\count327
\Fld@listcount=\count328
\c@bookmark@seq@number=\count329
(c:/Users/jhncsu/AppData/Roaming/TinyTeX/texmf-dist/tex/latex/rerunfilecheck/rerunfilecheck.sty
Package: rerunfilecheck 2022-07-10 v1.10 Rerun checks for auxiliary files (HO)
(c:/Users/jhncsu/AppData/Roaming/TinyTeX/texmf-dist/tex/latex/base/atveryend-ltx.sty
Package: atveryend-ltx 2020/08/19 v1.0a Emulation of the original atveryend package
with kernel methods
) (c:/Users/jhncsu/AppData/Roaming/TinyTeX/texmf-dist/tex/generic/uniquecounter/uniquecounter.sty
Package: uniquecounter 2019/12/15 v1.4 Provide unlimited unique counter (HO)
)
Package uniquecounter Info: New unique counter `rerunfilecheck' on input line 285.
)
\Hy@SectionHShift=\skip92
) (c:/Users/jhncsu/AppData/Roaming/TinyTeX/texmf-dist/tex/latex/base/makeidx.sty
Package: makeidx 2021/10/04 v1.0m Standard LaTeX package
)
\@indexfile=\write4
\openout4 = `bookdown.idx'.

Writing index file bookdown.idx
(c:/Users/jhncsu/AppData/Roaming/TinyTeX/texmf-dist/tex/latex/amscls/amsthm.sty
Package: amsthm 2020/05/29 v2.20.6
\thm@style=\toks27
\thm@bodyfont=\toks28
\thm@headfont=\toks29
\thm@notefont=\toks30
\thm@headpunct=\toks31
\thm@preskip=\skip93
\thm@postskip=\skip94
\thm@headsep=\skip95
\dth@everypar=\toks32
) (c:/Users/jhncsu/AppData/Roaming/TinyTeX/texmf-dist/tex/latex/natbib/natbib.sty
Package: natbib 2010/09/13 8.31b (PWD, AO)
\bibhang=\skip96
\bibsep=\skip97
LaTeX Info: Redefining \cite on input line 694.
\c@NAT@ctr=\count330
) (c:/Users/jhncsu/AppData/Roaming/TinyTeX/texmf-dist/tex/latex/bookmark/bookmark.sty
Package: bookmark 2023-12-10 v1.31 PDF bookmarks (HO)
(c:/Users/jhncsu/AppData/Roaming/TinyTeX/texmf-dist/tex/latex/bookmark/bkm-dvipdfm.def
File: bkm-dvipdfm.def 2023-12-10 v1.31 bookmark driver for dvipdfm (HO)
\BKM@id=\count331
))
Package hyperref Info: Option `colorlinks' set `true' on input line 179.
(./bookdown.aux)
\openout1 = `bookdown.aux'.

LaTeX Font Info:    Checking defaults for OML/cmm/m/it on input line 185.
LaTeX Font Info:    ... okay on input line 185.
LaTeX Font Info:    Checking defaults for OMS/cmsy/m/n on input line 185.
LaTeX Font Info:    ... okay on input line 185.
LaTeX Font Info:    Checking defaults for OT1/cmr/m/n on input line 185.
LaTeX Font Info:    ... okay on input line 185.
LaTeX Font Info:    Checking defaults for T1/cmr/m/n on input line 185.
LaTeX Font Info:    ... okay on input line 185.
LaTeX Font Info:    Checking defaults for TS1/cmr/m/n on input line 185.
LaTeX Font Info:    ... okay on input line 185.
LaTeX Font Info:    Checking defaults for TU/lmr/m/n on input line 185.
LaTeX Font Info:    ... okay on input line 185.
LaTeX Font Info:    Checking defaults for OMX/cmex/m/n on input line 185.
LaTeX Font Info:    ... okay on input line 185.
LaTeX Font Info:    Checking defaults for U/cmr/m/n on input line 185.
LaTeX Font Info:    ... okay on input line 185.
LaTeX Font Info:    Checking defaults for PD1/pdf/m/n on input line 185.
LaTeX Font Info:    ... okay on input line 185.
LaTeX Font Info:    Checking defaults for PU/pdf/m/n on input line 185.
LaTeX Font Info:    ... okay on input line 185.
LaTeX Font Info:    Overwriting math alphabet `\mathrm' in version `normal'
(Font)                  OT1/lmr/m/n --> TU/lmr/m/n on input line 185.
LaTeX Font Info:    Overwriting math alphabet `\mathit' in version `normal'
(Font)                  OT1/lmr/m/it --> TU/lmr/m/it on input line 185.
LaTeX Font Info:    Overwriting math alphabet `\mathbf' in version `normal'
(Font)                  OT1/lmr/bx/n --> TU/lmr/bx/n on input line 185.
LaTeX Font Info:    Overwriting math alphabet `\mathsf' in version `normal'
(Font)                  OT1/lmss/m/n --> TU/lmss/m/n on input line 185.
LaTeX Font Info:    Overwriting math alphabet `\mathsf' in version `bold'
(Font)                  OT1/lmss/bx/n --> TU/lmss/bx/n on input line 185.

Package fontspec Info: 
(fontspec)             Font family 'latinmodern-math.otf(0)' created for font
(fontspec)             'latinmodern-math.otf' with options
(fontspec)             [BoldItalicFont={},ItalicFont={},SmallCapsFont={},Script=Math,BoldFont={latinmodern-math.otf}].
(fontspec)              
(fontspec)              This font family consists of the following NFSS
(fontspec)             series/shapes:
(fontspec)              
(fontspec)             - 'normal' (m/n) with NFSS spec.:
(fontspec)             <->"[latinmodern-math.otf]/OT:script=math;language=dflt;"
(fontspec)             - 'bold' (b/n) with NFSS spec.:
(fontspec)             <->"[latinmodern-math.otf]/OT:script=math;language=dflt;"


Package fontspec Info: 
(fontspec)             Font family 'latinmodern-math.otf(1)' created for font
(fontspec)             'latinmodern-math.otf' with options
(fontspec)             [BoldItalicFont={},ItalicFont={},SmallCapsFont={},Script=Math,SizeFeatures={{Size=8.5-},{Size=6-8.5,Font=latinmodern-math.otf,Style=MathScript},{Size=-6,Font=latinmodern-math.otf,Style=MathScriptScript}},BoldFont={latinmodern-math.otf}].
(fontspec)              
(fontspec)              This font family consists of the following NFSS
(fontspec)             series/shapes:
(fontspec)              
(fontspec)             - 'normal' (m/n) with NFSS spec.:
(fontspec)             <8.5->"[latinmodern-math.otf]/OT:script=math;language=dflt;"<6-8.5>"[latinmodern-math.otf]/OT:script=math;language=dflt;+ssty=0;"<-6>"[latinmodern-math.otf]/OT:script=math;language=dflt;+ssty=1;"
(fontspec)             - 'bold' (b/n) with NFSS spec.:
(fontspec)             <->"[latinmodern-math.otf]/OT:script=math;language=dflt;"

LaTeX Font Info:    Encoding `OT1' has changed to `TU' for symbol font
(Font)              `operators' in the math version `normal' on input line 185.
LaTeX Font Info:    Overwriting symbol font `operators' in version `normal'
(Font)                  OT1/lmr/m/n --> TU/latinmodern-math.otf(1)/m/n on input line 185.
LaTeX Font Info:    Encoding `OT1' has changed to `TU' for symbol font
(Font)              `operators' in the math version `bold' on input line 185.
LaTeX Font Info:    Overwriting symbol font `operators' in version `bold'
(Font)                  OT1/lmr/bx/n --> TU/latinmodern-math.otf(1)/b/n on input line 185.

Package fontspec Info: 
(fontspec)             latinmodern-math scale = 1.0001.


Package fontspec Info: 
(fontspec)             latinmodern-math scale = 1.0001.


Package fontspec Info: 
(fontspec)             latinmodern-math scale = 1.0001.


Package fontspec Info: 
(fontspec)             latinmodern-math scale = 1.0001.


Package fontspec Info: 
(fontspec)             latinmodern-math scale = 1.0001.


Package fontspec Info: 
(fontspec)             Font family 'latinmodern-math.otf(2)' created for font
(fontspec)             'latinmodern-math.otf' with options
(fontspec)             [BoldItalicFont={},ItalicFont={},SmallCapsFont={},Script=Math,SizeFeatures={{Size=8.5-},{Size=6-8.5,Font=latinmodern-math.otf,Style=MathScript},{Size=-6,Font=latinmodern-math.otf,Style=MathScriptScript}},BoldFont={latinmodern-math.otf},ScaleAgain=1.0001,FontAdjustment={\fontdimen
(fontspec)             8\font =6.77pt\relax \fontdimen 9\font =3.94pt\relax
(fontspec)             \fontdimen 10\font =4.44pt\relax \fontdimen 11\font
(fontspec)             =6.86pt\relax \fontdimen 12\font =3.45pt\relax
(fontspec)             \fontdimen 13\font =3.63pt\relax \fontdimen 14\font
(fontspec)             =3.63pt\relax \fontdimen 15\font =2.89pt\relax
(fontspec)             \fontdimen 16\font =2.47pt\relax \fontdimen 17\font
(fontspec)             =2.47pt\relax \fontdimen 18\font =2.5pt\relax
(fontspec)             \fontdimen 19\font =2.0pt\relax \fontdimen 22\font
(fontspec)             =2.5pt\relax \fontdimen 20\font =0pt\relax \fontdimen
(fontspec)             21\font =0pt\relax }].
(fontspec)              
(fontspec)              This font family consists of the following NFSS
(fontspec)             series/shapes:
(fontspec)              
(fontspec)             - 'normal' (m/n) with NFSS spec.:
(fontspec)             <8.5->s*[1.0001]"[latinmodern-math.otf]/OT:script=math;language=dflt;"<6-8.5>s*[1.0001]"[latinmodern-math.otf]/OT:script=math;language=dflt;+ssty=0;"<-6>s*[1.0001]"[latinmodern-math.otf]/OT:script=math;language=dflt;+ssty=1;"
(fontspec)             - 'bold' (b/n) with NFSS spec.:
(fontspec)             <->s*[1.0001]"[latinmodern-math.otf]/OT:script=math;language=dflt;"

LaTeX Font Info:    Encoding `OMS' has changed to `TU' for symbol font
(Font)              `symbols' in the math version `normal' on input line 185.
LaTeX Font Info:    Overwriting symbol font `symbols' in version `normal'
(Font)                  OMS/lmsy/m/n --> TU/latinmodern-math.otf(2)/m/n on input line 185.
LaTeX Font Info:    Encoding `OMS' has changed to `TU' for symbol font
(Font)              `symbols' in the math version `bold' on input line 185.
LaTeX Font Info:    Overwriting symbol font `symbols' in version `bold'
(Font)                  OMS/lmsy/b/n --> TU/latinmodern-math.otf(2)/b/n on input line 185.

Package fontspec Info: 
(fontspec)             latinmodern-math scale = 0.9999.


Package fontspec Info: 
(fontspec)             latinmodern-math scale = 0.9999.


Package fontspec Info: 
(fontspec)             latinmodern-math scale = 0.9999.


Package fontspec Info: 
(fontspec)             latinmodern-math scale = 0.9999.


Package fontspec Info: 
(fontspec)             latinmodern-math scale = 0.9999.


Package fontspec Info: 
(fontspec)             Font family 'latinmodern-math.otf(3)' created for font
(fontspec)             'latinmodern-math.otf' with options
(fontspec)             [BoldItalicFont={},ItalicFont={},SmallCapsFont={},Script=Math,SizeFeatures={{Size=8.5-},{Size=6-8.5,Font=latinmodern-math.otf,Style=MathScript},{Size=-6,Font=latinmodern-math.otf,Style=MathScriptScript}},BoldFont={latinmodern-math.otf},ScaleAgain=0.9999,FontAdjustment={\fontdimen
(fontspec)             8\font =0.4pt\relax \fontdimen 9\font =2.0pt\relax
(fontspec)             \fontdimen 10\font =1.67pt\relax \fontdimen 11\font
(fontspec)             =1.11pt\relax \fontdimen 12\font =6.0pt\relax
(fontspec)             \fontdimen 13\font =0pt\relax }].
(fontspec)              
(fontspec)              This font family consists of the following NFSS
(fontspec)             series/shapes:
(fontspec)              
(fontspec)             - 'normal' (m/n) with NFSS spec.:
(fontspec)             <8.5->s*[0.9999]"[latinmodern-math.otf]/OT:script=math;language=dflt;"<6-8.5>s*[0.9999]"[latinmodern-math.otf]/OT:script=math;language=dflt;+ssty=0;"<-6>s*[0.9999]"[latinmodern-math.otf]/OT:script=math;language=dflt;+ssty=1;"
(fontspec)             - 'bold' (b/n) with NFSS spec.:
(fontspec)             <->s*[0.9999]"[latinmodern-math.otf]/OT:script=math;language=dflt;"

LaTeX Font Info:    Encoding `OMX' has changed to `TU' for symbol font
(Font)              `largesymbols' in the math version `normal' on input line 185.
LaTeX Font Info:    Overwriting symbol font `largesymbols' in version `normal'
(Font)                  OMX/lmex/m/n --> TU/latinmodern-math.otf(3)/m/n on input line 185.
LaTeX Font Info:    Encoding `OMX' has changed to `TU' for symbol font
(Font)              `largesymbols' in the math version `bold' on input line 185.
LaTeX Font Info:    Overwriting symbol font `largesymbols' in version `bold'
(Font)                  OMX/lmex/m/n --> TU/latinmodern-math.otf(3)/b/n on input line 185.
Package caption Info: Begin \AtBeginDocument code.
Package caption Info: hyperref package is loaded.
Package caption Info: End \AtBeginDocument code.
Package hyperref Info: Link coloring ON on input line 185.



Underfull \vbox (badness 10000) has occurred while \output is active []


Overfull \hbox (336.25pt too wide) has occurred while \output is active
[]
 []


Underfull \vbox (badness 10000) has occurred while \output is active []


Overfull \hbox (336.25pt too wide) has occurred while \output is active
[]
 []


Underfull \vbox (badness 10000) has occurred while \output is active []


Overfull \hbox (336.25pt too wide) has occurred while \output is active
[]
 []


Underfull \vbox (badness 10000) has occurred while \output is active []


Overfull \hbox (336.25pt too wide) has occurred while \output is active
[]
 []


Underfull \hbox (badness 10000) has occurred while \output is active
 [][][][] 
 []

[1



]


Underfull \vbox (badness 10000) has occurred while \output is active []


Overfull \hbox (336.25pt too wide) has occurred while \output is active
[]
 []


Underfull \vbox (badness 10000) has occurred while \output is active []


Overfull \hbox (336.25pt too wide) has occurred while \output is active
[]
 []


Underfull \vbox (badness 10000) has occurred while \output is active []


Overfull \hbox (336.25pt too wide) has occurred while \output is active
[]
 []


Underfull \vbox (badness 10000) has occurred while \output is active []


Overfull \hbox (336.25pt too wide) has occurred while \output is active
[]
 []


Underfull \hbox (badness 10000) has occurred while \output is active
 [][][][] 
 []

[2]
Underfull \vbox (badness 10000) detected at line 207
 []


Overfull \hbox (336.25pt too wide) detected at line 207
[]
 []


Underfull \vbox (badness 10000) detected at line 207
 []


Overfull \hbox (336.25pt too wide) detected at line 207
[]
 []


Underfull \vbox (badness 10000) detected at line 207
 []


Overfull \hbox (336.25pt too wide) detected at line 207
[]
 []


Underfull \vbox (badness 10000) detected at line 207
 []


Overfull \hbox (336.25pt too wide) detected at line 207
[]
 []


Underfull \hbox (badness 10000) detected at line 207
[]
 []

(./bookdown.toc
LaTeX Font Info:    Trying to load font information for OML+lmm on input line 7.
(c:/Users/jhncsu/AppData/Roaming/TinyTeX/texmf-dist/tex/latex/lm/omllmm.fd
File: omllmm.fd 2015/05/01 v1.6.1 Font defs for Latin Modern
)
LaTeX Font Info:    Font shape `TU/latinmodern-math.otf(2)/m/n' will be
(Font)              scaled to size 10.00107pt on input line 7.
LaTeX Font Info:    Font shape `TU/latinmodern-math.otf(2)/m/n' will be
(Font)              scaled to size 7.00075pt on input line 7.
LaTeX Font Info:    Font shape `TU/latinmodern-math.otf(2)/m/n' will be
(Font)              scaled to size 5.00053pt on input line 7.
LaTeX Font Info:    Font shape `TU/latinmodern-math.otf(3)/m/n' will be
(Font)              scaled to size 9.99893pt on input line 7.
LaTeX Font Info:    Font shape `TU/latinmodern-math.otf(3)/m/n' will be
(Font)              scaled to size 6.99925pt on input line 7.
LaTeX Font Info:    Font shape `TU/latinmodern-math.otf(3)/m/n' will be
(Font)              scaled to size 4.99947pt on input line 7.
LaTeX Font Info:    Trying to load font information for U+msa on input line 7.
(c:/Users/jhncsu/AppData/Roaming/TinyTeX/texmf-dist/tex/latex/amsfonts/umsa.fd
File: umsa.fd 2013/01/14 v3.01 AMS symbols A
)
LaTeX Font Info:    Trying to load font information for U+msb on input line 7.
(c:/Users/jhncsu/AppData/Roaming/TinyTeX/texmf-dist/tex/latex/amsfonts/umsb.fd
File: umsb.fd 2013/01/14 v3.01 AMS symbols B
)


Underfull \hbox (badness 10000) has occurred while \output is active
 [][][][] 
 []

[3

]

[4])
\tf@toc=\write5
\openout5 = `bookdown.toc'.



[5]


Underfull \vbox (badness 10000) has occurred while \output is active []


Overfull \hbox (336.25pt too wide) has occurred while \output is active
[]
 []


Underfull \vbox (badness 10000) has occurred while \output is active []


Overfull \hbox (336.25pt too wide) has occurred while \output is active
[]
 []


Underfull \vbox (badness 10000) has occurred while \output is active []


Overfull \hbox (336.25pt too wide) has occurred while \output is active
[]
 []


Underfull \vbox (badness 10000) has occurred while \output is active []


Overfull \hbox (336.25pt too wide) has occurred while \output is active
[]
 []


Underfull \hbox (badness 10000) has occurred while \output is active
 [][][][] 
 []

[6

]
Underfull \vbox (badness 10000) detected at line 209
 []


Overfull \hbox (336.25pt too wide) detected at line 209
[]
 []


Underfull \vbox (badness 10000) detected at line 209
 []


Overfull \hbox (336.25pt too wide) detected at line 209
[]
 []


Underfull \vbox (badness 10000) detected at line 209
 []


Overfull \hbox (336.25pt too wide) detected at line 209
[]
 []


Underfull \vbox (badness 10000) detected at line 209
 []


Overfull \hbox (336.25pt too wide) detected at line 209
[]
 []


Underfull \hbox (badness 10000) detected at line 209
[]
 []


Package hyperref Warning: bookmark level for unknown fm defaults to 0.

(./bookdown.lof
Underfull \hbox (badness 1270) in paragraph at lines 17--17
 [][] [][][]\TU/lmr/m/n/10 Estimated posterior distribution for total population size 
 []




Underfull \hbox (badness 10000) has occurred while \output is active
 [][][][] 
 []

[7

])
\tf@lof=\write6
\openout6 = `bookdown.lof'.



[8]
Underfull \vbox (badness 10000) detected at line 211
 []


Overfull \hbox (336.25pt too wide) detected at line 211
[]
 []


Underfull \vbox (badness 10000) detected at line 211
 []


Overfull \hbox (336.25pt too wide) detected at line 211
[]
 []


Underfull \vbox (badness 10000) detected at line 211
 []


Overfull \hbox (336.25pt too wide) detected at line 211
[]
 []


Underfull \vbox (badness 10000) detected at line 211
 []


Overfull \hbox (336.25pt too wide) detected at line 211
[]
 []


Underfull \hbox (badness 10000) detected at line 211
[]
 []

LaTeX Font Info:    Font shape `TU/SourceCodePro(0)/m/n' will be
(Font)              scaled to size 8.00003pt on input line 222.



Underfull \hbox (badness 10000) has occurred while \output is active
 [][][][] 
 []

[9


]
LaTeX Font Info:    Font shape `TU/SourceCodePro(0)/b/n' will be
(Font)              scaled to size 8.00003pt on input line 226.


[10]

[11]


Underfull \vbox (badness 10000) has occurred while \output is active []


Overfull \hbox (336.25pt too wide) has occurred while \output is active
[]
 []


Underfull \vbox (badness 10000) has occurred while \output is active []


Overfull \hbox (336.25pt too wide) has occurred while \output is active
[]
 []


Underfull \vbox (badness 10000) has occurred while \output is active []


Overfull \hbox (336.25pt too wide) has occurred while \output is active
[]
 []


Underfull \vbox (badness 10000) has occurred while \output is active []


Overfull \hbox (336.25pt too wide) has occurred while \output is active
[]
 []


Underfull \hbox (badness 10000) has occurred while \output is active
 [][][][] 
 []

[12

]
Underfull \vbox (badness 10000) detected at line 272
 []


Overfull \hbox (336.25pt too wide) detected at line 272
[]
 []


Underfull \vbox (badness 10000) detected at line 272
 []


Overfull \hbox (336.25pt too wide) detected at line 272
[]
 []


Underfull \vbox (badness 10000) detected at line 272
 []


Overfull \hbox (336.25pt too wide) detected at line 272
[]
 []


Underfull \vbox (badness 10000) detected at line 272
 []


Overfull \hbox (336.25pt too wide) detected at line 272
[]
 []


Underfull \hbox (badness 10000) detected at line 272
[]
 []




Underfull \hbox (badness 10000) has occurred while \output is active
 [][][][] 
 []

[13

]


Underfull \vbox (badness 10000) has occurred while \output is active []


Overfull \hbox (336.25pt too wide) has occurred while \output is active
[]
 []


Underfull \vbox (badness 10000) has occurred while \output is active []


Overfull \hbox (336.25pt too wide) has occurred while \output is active
[]
 []


Underfull \vbox (badness 10000) has occurred while \output is active []


Overfull \hbox (336.25pt too wide) has occurred while \output is active
[]
 []


Underfull \vbox (badness 10000) has occurred while \output is active []


Overfull \hbox (336.25pt too wide) has occurred while \output is active
[]
 []


Underfull \hbox (badness 10000) has occurred while \output is active
 [][][][] 
 []

[14

]
Underfull \vbox (badness 10000) detected at line 280
 []


Overfull \hbox (336.25pt too wide) detected at line 280
[]
 []


Underfull \vbox (badness 10000) detected at line 280
 []


Overfull \hbox (336.25pt too wide) detected at line 280
[]
 []


Underfull \vbox (badness 10000) detected at line 280
 []


Overfull \hbox (336.25pt too wide) detected at line 280
[]
 []


Underfull \vbox (badness 10000) detected at line 280
 []


Overfull \hbox (336.25pt too wide) detected at line 280
[]
 []

Chapter 1.



Underfull \hbox (badness 10000) has occurred while \output is active
 [][][][] 
 []

[1


]

[2]
Underfull \vbox (badness 10000) detected at line 289
 []


Overfull \hbox (336.25pt too wide) detected at line 289
[]
 []


Underfull \vbox (badness 10000) detected at line 289
 []


Overfull \hbox (336.25pt too wide) detected at line 289
[]
 []


Underfull \vbox (badness 10000) detected at line 289
 []


Overfull \hbox (336.25pt too wide) detected at line 289
[]
 []


Underfull \vbox (badness 10000) detected at line 289
 []


Overfull \hbox (336.25pt too wide) detected at line 289
[]
 []

Chapter 2.
LaTeX Font Info:    Font shape `TU/latinmodern-math.otf(2)/m/n' will be
(Font)              scaled to size 8.00085pt on input line 291.
LaTeX Font Info:    Font shape `TU/latinmodern-math.otf(2)/m/n' will be
(Font)              scaled to size 6.00064pt on input line 291.
LaTeX Font Info:    Font shape `TU/latinmodern-math.otf(3)/m/n' will be
(Font)              scaled to size 7.99915pt on input line 291.
LaTeX Font Info:    Font shape `TU/latinmodern-math.otf(3)/m/n' will be
(Font)              scaled to size 5.99936pt on input line 291.
LaTeX Font Info:    Font shape `TU/SourceCodePro(0)/m/it' will be
(Font)              scaled to size 8.00003pt on input line 299.



Underfull \hbox (badness 10000) has occurred while \output is active
 [][][][] 
 []

[3


]

[4]

[5]


Underfull \vbox (badness 10000) has occurred while \output is active []


Overfull \hbox (336.25pt too wide) has occurred while \output is active
[]
 []


Underfull \vbox (badness 10000) has occurred while \output is active []


Overfull \hbox (336.25pt too wide) has occurred while \output is active
[]
 []


Underfull \vbox (badness 10000) has occurred while \output is active []


Overfull \hbox (336.25pt too wide) has occurred while \output is active
[]
 []


Underfull \vbox (badness 10000) has occurred while \output is active []


Overfull \hbox (336.25pt too wide) has occurred while \output is active
[]
 []


Underfull \hbox (badness 10000) has occurred while \output is active
 [][][][] 
 []

[6

]
Underfull \vbox (badness 10000) detected at line 332
 []


Overfull \hbox (336.25pt too wide) detected at line 332
[]
 []


Underfull \vbox (badness 10000) detected at line 332
 []


Overfull \hbox (336.25pt too wide) detected at line 332
[]
 []


Underfull \vbox (badness 10000) detected at line 332
 []


Overfull \hbox (336.25pt too wide) detected at line 332
[]
 []


Underfull \vbox (badness 10000) detected at line 332
 []


Overfull \hbox (336.25pt too wide) detected at line 332
[]
 []

Chapter 3.



Underfull \hbox (badness 10000) has occurred while \output is active
 [][][][] 
 []

[7

]
File: bookdown_files/figure-latex/coinToss-1.pdf Graphic file (type pdf)
<use bookdown_files/figure-latex/coinToss-1.pdf>


[8]

[9]

[10]

[11]

Package amsmath Warning: Foreign command \atopwithdelims;
(amsmath)                \frac or \genfrac should be used instead
(amsmath)                 on input line 448.



[12]
File: bookdown_files/figure-latex/dieRoll-1.pdf Graphic file (type pdf)
<use bookdown_files/figure-latex/dieRoll-1.pdf>


[13]

[14]

[15]

[16]
File: bookdown_files/figure-latex/NB-vary-k-1.pdf Graphic file (type pdf)
<use bookdown_files/figure-latex/NB-vary-k-1.pdf>
File: bookdown_files/figure-latex/NB-vary-k-2.pdf Graphic file (type pdf)
<use bookdown_files/figure-latex/NB-vary-k-2.pdf>

Overfull \hbox (2.21812pt too wide) in paragraph at lines 594--594
[][] [] 
 []



[17]
File: bookdown_files/figure-latex/Beta-1.pdf Graphic file (type pdf)
<use bookdown_files/figure-latex/Beta-1.pdf>
File: bookdown_files/figure-latex/Beta-2.pdf Graphic file (type pdf)
<use bookdown_files/figure-latex/Beta-2.pdf>
File: bookdown_files/figure-latex/Beta-3.pdf Graphic file (type pdf)
<use bookdown_files/figure-latex/Beta-3.pdf>


[18]

[19]
File: bookdown_files/figure-latex/Lognormal-1.pdf Graphic file (type pdf)
<use bookdown_files/figure-latex/Lognormal-1.pdf>


[20]
File: bookdown_files/figure-latex/Gamma-1.pdf Graphic file (type pdf)
<use bookdown_files/figure-latex/Gamma-1.pdf>
File: bookdown_files/figure-latex/Gamma-2.pdf Graphic file (type pdf)
<use bookdown_files/figure-latex/Gamma-2.pdf>

Overfull \hbox (2.22672pt too wide) in paragraph at lines 703--703
[][] [] 
 []



[21]
Underfull \hbox (badness 10000) detected at line 732
 [][]
 []


Underfull \hbox (badness 10000) detected at line 732
[][][]
 []


Underfull \hbox (badness 10000) detected at line 734
 [][]
 []


Underfull \hbox (badness 10000) detected at line 734
[][][]
 []


Underfull \hbox (badness 10000) detected at line 736
 [][]
 []


Underfull \hbox (badness 10000) detected at line 736
[][][]
 []


Underfull \hbox (badness 10000) detected at line 738
 [][]
 []


Underfull \hbox (badness 10000) detected at line 738
[][][]
 []



[22]
Underfull \hbox (badness 10000) detected at line 740
 [][]
 []


Underfull \hbox (badness 10000) detected at line 740
[][][]
 []



[23]


Underfull \vbox (badness 10000) has occurred while \output is active []


Overfull \hbox (336.25pt too wide) has occurred while \output is active
[]
 []


Underfull \vbox (badness 10000) has occurred while \output is active []


Overfull \hbox (336.25pt too wide) has occurred while \output is active
[]
 []


Underfull \vbox (badness 10000) has occurred while \output is active []


Overfull \hbox (336.25pt too wide) has occurred while \output is active
[]
 []


Underfull \vbox (badness 10000) has occurred while \output is active []


Overfull \hbox (336.25pt too wide) has occurred while \output is active
[]
 []


Underfull \hbox (badness 10000) has occurred while \output is active
 [][][][] 
 []

[24

]
Underfull \vbox (badness 10000) detected at line 744
 []


Overfull \hbox (336.25pt too wide) detected at line 744
[]
 []


Underfull \vbox (badness 10000) detected at line 744
 []


Overfull \hbox (336.25pt too wide) detected at line 744
[]
 []


Underfull \vbox (badness 10000) detected at line 744
 []


Overfull \hbox (336.25pt too wide) detected at line 744
[]
 []


Underfull \vbox (badness 10000) detected at line 744
 []


Overfull \hbox (336.25pt too wide) detected at line 744
[]
 []

Chapter 4.



Underfull \hbox (badness 10000) has occurred while \output is active
 [][][][] 
 []

[25

]

[26]
File: bookdown_files/figure-latex/Bootstrap-1.pdf Graphic file (type pdf)
<use bookdown_files/figure-latex/Bootstrap-1.pdf>
File: bookdown_files/figure-latex/Bootstrap-2.pdf Graphic file (type pdf)
<use bookdown_files/figure-latex/Bootstrap-2.pdf>


[27]

[28]

[29]

[30]

[31]

[32]
File: bookdown_files/figure-latex/BayesMR-1.pdf Graphic file (type pdf)
<use bookdown_files/figure-latex/BayesMR-1.pdf>


[33]

[34]

[35]

[36]

[37]

[38]

[39]
File: bookdown_files/figure-latex/TracePlots-1.pdf Graphic file (type pdf)
<use bookdown_files/figure-latex/TracePlots-1.pdf>


[40]
Underfull \vbox (badness 10000) detected at line 1161
 []


Underfull \vbox (badness 10000) detected at line 1161
 []



[41]

[42]

[43]

[44]

[45]

[46]
File: bookdown_files/figure-latex/PPC-1.pdf Graphic file (type pdf)
<use bookdown_files/figure-latex/PPC-1.pdf>


[47]

[48]

[49]
Underfull \vbox (badness 10000) detected at line 1454
 []


Underfull \vbox (badness 10000) detected at line 1454
 []



[50]
Underfull \hbox (badness 10000) detected at line 1468
 [][]
 []


Underfull \hbox (badness 10000) detected at line 1468
[][][]
 []



[51]
Underfull \hbox (badness 10000) detected at line 1470
 [][]
 []


Underfull \hbox (badness 10000) detected at line 1470
[][][]
 []


Underfull \hbox (badness 10000) detected at line 1472
 [][]
 []


Underfull \hbox (badness 10000) detected at line 1472
[][][]
 []



[52]
Underfull \hbox (badness 10000) detected at line 1528
 [][]
 []


Underfull \hbox (badness 10000) detected at line 1528
[][][]
 []


Underfull \hbox (badness 10000) detected at line 1530
 [][]
 []


Underfull \hbox (badness 10000) detected at line 1530
[][][]
 []



[53]


Underfull \vbox (badness 10000) has occurred while \output is active []


Overfull \hbox (336.25pt too wide) has occurred while \output is active
[]
 []


Underfull \vbox (badness 10000) has occurred while \output is active []


Overfull \hbox (336.25pt too wide) has occurred while \output is active
[]
 []


Underfull \vbox (badness 10000) has occurred while \output is active []


Overfull \hbox (336.25pt too wide) has occurred while \output is active
[]
 []


Underfull \vbox (badness 10000) has occurred while \output is active []


Overfull \hbox (336.25pt too wide) has occurred while \output is active
[]
 []


Underfull \hbox (badness 10000) has occurred while \output is active
 [][][][] 
 []

[54

]
Underfull \vbox (badness 10000) detected at line 1534
 []


Overfull \hbox (336.25pt too wide) detected at line 1534
[]
 []


Underfull \vbox (badness 10000) detected at line 1534
 []


Overfull \hbox (336.25pt too wide) detected at line 1534
[]
 []


Underfull \vbox (badness 10000) detected at line 1534
 []


Overfull \hbox (336.25pt too wide) detected at line 1534
[]
 []


Underfull \vbox (badness 10000) detected at line 1534
 []


Overfull \hbox (336.25pt too wide) detected at line 1534
[]
 []

Chapter 5.



Underfull \hbox (badness 10000) has occurred while \output is active
 [][][][] 
 []

[55

]

[56]

[57]

[58]
Underfull \vbox (badness 10000) detected at line 1683
 []


Underfull \vbox (badness 10000) detected at line 1683
 []



[59]
File: bookdown_files/figure-latex/PopEst-covary-1.pdf Graphic file (type pdf)
<use bookdown_files/figure-latex/PopEst-covary-1.pdf>


[60]

[61]
Underfull \hbox (badness 1789) in paragraph at lines 1718--1719
[]\TU/lmr/m/n/10 It is instructive to compare the default distribution (N.true=20 and
 []



[62]

[63]

[64]
File: bookdown_files/figure-latex/NmixPlot-1.pdf Graphic file (type pdf)
<use bookdown_files/figure-latex/NmixPlot-1.pdf>


[65]
Underfull \hbox (badness 10000) detected at line 1840
 [][]
 []


Underfull \hbox (badness 10000) detected at line 1840
[][][]
 []


Underfull \hbox (badness 10000) detected at line 1842
 [][]
 []


Underfull \hbox (badness 10000) detected at line 1842
[][][]
 []


Underfull \hbox (badness 10000) detected at line 1844
 [][]
 []


Underfull \hbox (badness 10000) detected at line 1844
[][][]
 []



[66]
Underfull \vbox (badness 10000) detected at line 1848
 []


Overfull \hbox (336.25pt too wide) detected at line 1848
[]
 []


Underfull \vbox (badness 10000) detected at line 1848
 []


Overfull \hbox (336.25pt too wide) detected at line 1848
[]
 []


Underfull \vbox (badness 10000) detected at line 1848
 []


Overfull \hbox (336.25pt too wide) detected at line 1848
[]
 []


Underfull \vbox (badness 10000) detected at line 1848
 []


Overfull \hbox (336.25pt too wide) detected at line 1848
[]
 []

Chapter 6.



Underfull \hbox (badness 10000) has occurred while \output is active
 [][][][] 
 []

[67


]

[68]
Underfull \vbox (badness 10000) detected at line 1938
 []


Overfull \vbox (0.48807pt too high) detected at line 1938
 []



[69]

[70]

[71]

[72]
Underfull \vbox (badness 10000) detected at line 2089
 []


Underfull \vbox (badness 10000) detected at line 2089
 []



[73]

[74]
Underfull \vbox (badness 10000) detected at line 2200
 []


Underfull \vbox (badness 10000) detected at line 2200
 []



[75]
Underfull \vbox (badness 10000) detected at line 2200
 []


Underfull \vbox (badness 10000) detected at line 2200
 []



[76]

[77]

[78]

[79]
File: bookdown_files/figure-latex/CohortPlot-1.pdf Graphic file (type pdf)
<use bookdown_files/figure-latex/CohortPlot-1.pdf>


[80]

[81]

[82]

[83]

[84]

[85]

[86]

[87]
Underfull \vbox (badness 10000) detected at line 2555
 []


Overfull \vbox (0.64807pt too high) detected at line 2555
 []



[88]
File: bookdown_files/figure-latex/TagRetPlot-1.pdf Graphic file (type pdf)
<use bookdown_files/figure-latex/TagRetPlot-1.pdf>
File: bookdown_files/figure-latex/TagRetPlot-2.pdf Graphic file (type pdf)
<use bookdown_files/figure-latex/TagRetPlot-2.pdf>

Underfull \hbox (badness 10000) detected at line 2575
 [][]
 []


Underfull \hbox (badness 10000) detected at line 2575
[][][]
 []



[89]
Underfull \hbox (badness 10000) detected at line 2577
 [][]
 []


Underfull \hbox (badness 10000) detected at line 2577
[][][]
 []


Underfull \hbox (badness 10000) detected at line 2579
 [][]
 []


Underfull \hbox (badness 10000) detected at line 2579
[][][]
 []



[90]
Underfull \vbox (badness 10000) detected at line 2583
 []


Overfull \hbox (336.25pt too wide) detected at line 2583
[]
 []


Underfull \vbox (badness 10000) detected at line 2583
 []


Overfull \hbox (336.25pt too wide) detected at line 2583
[]
 []


Underfull \vbox (badness 10000) detected at line 2583
 []


Overfull \hbox (336.25pt too wide) detected at line 2583
[]
 []


Underfull \vbox (badness 10000) detected at line 2583
 []


Overfull \hbox (336.25pt too wide) detected at line 2583
[]
 []

Chapter 7.



Underfull \hbox (badness 10000) has occurred while \output is active
 [][][][] 
 []

[91


]

[92]

[93]

[94]
Underfull \vbox (badness 10000) detected at line 2772
 []


Underfull \vbox (badness 10000) detected at line 2772
 []



[95]

[96]
File: bookdown_files/figure-latex/InfPriorPlot-1.pdf Graphic file (type pdf)
<use bookdown_files/figure-latex/InfPriorPlot-1.pdf>


[97]

[98]

[99]

[100]
File: bookdown_files/figure-latex/HearnPlot-1.pdf Graphic file (type pdf)
<use bookdown_files/figure-latex/HearnPlot-1.pdf>


[101]

[102]
Underfull \vbox (badness 2158) detected at line 2943
 []



[103]

[104]

[105]

[106]
File: bookdown_files/figure-latex/BrowniePlot-1.pdf Graphic file (type pdf)
<use bookdown_files/figure-latex/BrowniePlot-1.pdf>
File: bookdown_files/figure-latex/BrowniePlot-2.pdf Graphic file (type pdf)
<use bookdown_files/figure-latex/BrowniePlot-2.pdf>

Overfull \hbox (2.22543pt too wide) in paragraph at lines 3095--3095
[][] [] 
 []



[107]

[108]

[109]

[110]
Underfull \vbox (badness 10000) detected at line 3230
 []


Overfull \vbox (0.20007pt too high) detected at line 3230
 []



[111]

[112]
Underfull \vbox (badness 10000) detected at line 3346
 []


Underfull \vbox (badness 10000) detected at line 3346
 []



[113]

[114]
Underfull \hbox (badness 10000) in paragraph at lines 3350--3350
[][][][][]$[][][][][] [] [] [] [][][] [] [][][][][][][][][][] [] [][] [] [][] [] [][][][][][][][] [] [][][][][][][][][][][][][] [] [][][] [] [][][][] [][] [][][] [][] [][][][][][][] [][] [][][] [][]
 []


Underfull \hbox (badness 10000) detected at line 3362
 [][]
 []


Underfull \hbox (badness 10000) detected at line 3362
[][][]
 []



[115]
Underfull \hbox (badness 10000) detected at line 3364
 [][]
 []


Underfull \hbox (badness 10000) detected at line 3364
[][][]
 []


Underfull \hbox (badness 10000) detected at line 3366
 [][]
 []


Underfull \hbox (badness 10000) detected at line 3366
[][][]
 []


Underfull \hbox (badness 10000) detected at line 3368
 [][]
 []


Underfull \hbox (badness 10000) detected at line 3368
[][][]
 []


Underfull \hbox (badness 10000) detected at line 3370
 [][]
 []


Underfull \hbox (badness 10000) detected at line 3370
[][][]
 []



[116]
Underfull \vbox (badness 10000) detected at line 3374
 []


Overfull \hbox (336.25pt too wide) detected at line 3374
[]
 []


Underfull \vbox (badness 10000) detected at line 3374
 []


Overfull \hbox (336.25pt too wide) detected at line 3374
[]
 []


Underfull \vbox (badness 10000) detected at line 3374
 []


Overfull \hbox (336.25pt too wide) detected at line 3374
[]
 []


Underfull \vbox (badness 10000) detected at line 3374
 []


Overfull \hbox (336.25pt too wide) detected at line 3374
[]
 []

Chapter 8.



Underfull \hbox (badness 10000) has occurred while \output is active
 [][][][] 
 []

[117


]

[118]

[119]

[120]

[121]

[122]

[123]

[124]

[125]

[126]

[127]
File: bookdown_files/figure-latex/LnWtPlot-1.pdf Graphic file (type pdf)
<use bookdown_files/figure-latex/LnWtPlot-1.pdf>

Underfull \hbox (badness 10000) detected at line 3718
 [][]
 []


Underfull \hbox (badness 10000) detected at line 3718
[][][]
 []



[128]
Underfull \hbox (badness 10000) detected at line 3720
 [][]
 []


Underfull \hbox (badness 10000) detected at line 3720
[][][]
 []


Underfull \hbox (badness 10000) detected at line 3722
 [][]
 []


Underfull \hbox (badness 10000) detected at line 3722
[][][]
 []


Underfull \hbox (badness 10000) detected at line 3724
 [][]
 []


Underfull \hbox (badness 10000) detected at line 3724
[][][]
 []


Underfull \hbox (badness 10000) detected at line 3726
 [][]
 []


Underfull \hbox (badness 10000) detected at line 3726
[][][]
 []



[129]


Underfull \vbox (badness 10000) has occurred while \output is active []


Overfull \hbox (336.25pt too wide) has occurred while \output is active
[]
 []


Underfull \vbox (badness 10000) has occurred while \output is active []


Overfull \hbox (336.25pt too wide) has occurred while \output is active
[]
 []


Underfull \vbox (badness 10000) has occurred while \output is active []


Overfull \hbox (336.25pt too wide) has occurred while \output is active
[]
 []


Underfull \vbox (badness 10000) has occurred while \output is active []


Overfull \hbox (336.25pt too wide) has occurred while \output is active
[]
 []


Underfull \hbox (badness 10000) has occurred while \output is active
 [][][][] 
 []

[130

]
Underfull \vbox (badness 10000) detected at line 3730
 []


Overfull \hbox (336.25pt too wide) detected at line 3730
[]
 []


Underfull \vbox (badness 10000) detected at line 3730
 []


Overfull \hbox (336.25pt too wide) detected at line 3730
[]
 []


Underfull \vbox (badness 10000) detected at line 3730
 []


Overfull \hbox (336.25pt too wide) detected at line 3730
[]
 []


Underfull \vbox (badness 10000) detected at line 3730
 []


Overfull \hbox (336.25pt too wide) detected at line 3730
[]
 []

Chapter 9.



Underfull \hbox (badness 10000) has occurred while \output is active
 [][][][] 
 []

[131

]

[132]
Underfull \vbox (badness 10000) detected at line 3823
 []


Underfull \vbox (badness 10000) detected at line 3823
 []



[133]

[134]

[135]

[136]
File: bookdown_files/figure-latex/SRRPlot-1.pdf Graphic file (type pdf)
<use bookdown_files/figure-latex/SRRPlot-1.pdf>


[137]

[138]
Underfull \hbox (badness 10000) detected at line 3977
 [][]
 []


Underfull \hbox (badness 10000) detected at line 3977
[][][]
 []


Underfull \hbox (badness 10000) detected at line 3979
 [][]
 []


Underfull \hbox (badness 10000) detected at line 3979
[][][]
 []



[139]


Underfull \vbox (badness 10000) has occurred while \output is active []


Overfull \hbox (336.25pt too wide) has occurred while \output is active
[]
 []


Underfull \vbox (badness 10000) has occurred while \output is active []


Overfull \hbox (336.25pt too wide) has occurred while \output is active
[]
 []


Underfull \vbox (badness 10000) has occurred while \output is active []


Overfull \hbox (336.25pt too wide) has occurred while \output is active
[]
 []


Underfull \vbox (badness 10000) has occurred while \output is active []


Overfull \hbox (336.25pt too wide) has occurred while \output is active
[]
 []


Underfull \hbox (badness 10000) has occurred while \output is active
 [][][][] 
 []

[140

]
Underfull \vbox (badness 10000) detected at line 3983
 []


Overfull \hbox (336.25pt too wide) detected at line 3983
[]
 []


Underfull \vbox (badness 10000) detected at line 3983
 []


Overfull \hbox (336.25pt too wide) detected at line 3983
[]
 []


Underfull \vbox (badness 10000) detected at line 3983
 []


Overfull \hbox (336.25pt too wide) detected at line 3983
[]
 []


Underfull \vbox (badness 10000) detected at line 3983
 []


Overfull \hbox (336.25pt too wide) detected at line 3983
[]
 []

Chapter 10.



Underfull \hbox (badness 10000) has occurred while \output is active
 [][][][] 
 []

[141

]

[142]

[143]
Underfull \vbox (badness 10000) detected at line 4144
 []


Underfull \vbox (badness 10000) detected at line 4144
 []



[144]
File: bookdown_files/figure-latex/TwoAgePlot-1.pdf Graphic file (type pdf)
<use bookdown_files/figure-latex/TwoAgePlot-1.pdf>


[145]

[146]

[147]
Underfull \vbox (badness 10000) detected at line 4251
 []


Overfull \vbox (0.43207pt too high) detected at line 4251
 []



[148]

[149]
Underfull \vbox (badness 10000) detected at line 4380
 []


Overfull \vbox (0.74408pt too high) detected at line 4380
 []



[150]
Underfull \vbox (badness 10000) detected at line 4380
 []


Overfull \vbox (0.58408pt too high) detected at line 4380
 []



[151]
File: bookdown_files/figure-latex/CAGEANPlot-1.pdf Graphic file (type pdf)
<use bookdown_files/figure-latex/CAGEANPlot-1.pdf>


[152]
Underfull \hbox (badness 10000) detected at line 4398
 [][]
 []


Underfull \hbox (badness 10000) detected at line 4398
[][][]
 []


Underfull \hbox (badness 10000) detected at line 4400
 [][]
 []


Underfull \hbox (badness 10000) detected at line 4400
[][][]
 []



[153]

[154]
Underfull \vbox (badness 10000) detected at line 4410
 []


Overfull \hbox (336.25pt too wide) detected at line 4410
[]
 []


Underfull \vbox (badness 10000) detected at line 4410
 []


Overfull \hbox (336.25pt too wide) detected at line 4410
[]
 []


Underfull \vbox (badness 10000) detected at line 4410
 []


Overfull \hbox (336.25pt too wide) detected at line 4410
[]
 []


Underfull \vbox (badness 10000) detected at line 4410
 []


Overfull \hbox (336.25pt too wide) detected at line 4410
[]
 []

Appendix A.
(./bookdown.bbl


Underfull \hbox (badness 10000) has occurred while \output is active
 [][][][] 
 []

[155



]


Underfull \vbox (badness 10000) has occurred while \output is active []


Overfull \hbox (336.25pt too wide) has occurred while \output is active
[]
 []


Underfull \vbox (badness 10000) has occurred while \output is active []


Overfull \hbox (336.25pt too wide) has occurred while \output is active
[]
 []


Underfull \vbox (badness 10000) has occurred while \output is active []


Overfull \hbox (336.25pt too wide) has occurred while \output is active
[]
 []


Underfull \vbox (badness 10000) has occurred while \output is active []


Overfull \hbox (336.25pt too wide) has occurred while \output is active
[]
 []


Underfull \hbox (badness 10000) has occurred while \output is active
 [][][][] 
 []

[156

]
Underfull \vbox (badness 10000) detected at line 1
 []


Overfull \hbox (336.25pt too wide) detected at line 1
[]
 []


Underfull \vbox (badness 10000) detected at line 1
 []


Overfull \hbox (336.25pt too wide) detected at line 1
[]
 []


Underfull \vbox (badness 10000) detected at line 1
 []


Overfull \hbox (336.25pt too wide) detected at line 1
[]
 []


Underfull \vbox (badness 10000) detected at line 1
 []


Overfull \hbox (336.25pt too wide) detected at line 1
[]
 []


Underfull \hbox (badness 10000) detected at line 1
[]
 []




Underfull \hbox (badness 10000) has occurred while \output is active
 [][][][] 
 []

[157

]
Underfull \hbox (badness 10000) in paragraph at lines 109--112
[]\TU/lmr/m/n/10 Gelman, A. and Hill, J. (2006).  Data Analysis Us-
 []


Underfull \hbox (badness 10000) in paragraph at lines 109--112
\TU/lmr/m/n/10 ing Regression and Multilevel/Hierarchical Models.
 []


Underfull \hbox (badness 10000) in paragraph at lines 109--112
\TU/lmr/m/n/10 https://www.cambridge.org/highereducation/books/data-
 []


Underfull \hbox (badness 10000) in paragraph at lines 109--112
\TU/lmr/m/n/10 analysis-using-regression-and-multilevel-hierarchical-
 []



[158]
Missing character: There is no ^^96 (U+0096) in font [lmroman10-regular]:mapping=tex-text;!


[159]

[160]

[161])

[162] (./bookdown.ind
Underfull \hbox (badness 10000) detected at line 1
[]
 []






Underfull \hbox (badness 10000) has occurred while \output is active
 [][][][] 
 []

[163



]



[164

])

Package caption Warning: Unused \captionsetup[table] on input line 110.
See the caption package documentation for explanation.

(./bookdown.aux)
 ***********
LaTeX2e <2024-11-01>
L3 programming layer <2024-11-02>
 ***********
 ) 
Here is how much of TeX's memory you used:
 20993 strings out of 475993
 394912 string characters out of 5777172
 948088 words of memory out of 5000000
 43447 multiletter control sequences out of 15000+600000
 563767 words of font info for 109 fonts, out of 8000000 for 9000
 14 hyphenation exceptions out of 8191
 90i,8n,119p,2168b,564s stack positions out of 10000i,1000n,20000p,200000b,200000s

Output written on bookdown.pdf (178 pages).
